folioreader/build/outputs/logs/manifest-merger-release-report.txt
-- Merging decision tree log ---
manifest
ADDED from android/folioreader/AndroidManifest.xml:2:1-43:12
INJECTED from android/folioreader/AndroidManifest.xml:2:1-43:12
INJECTED from android/folioreader/AndroidManifest.xml:2:1-43:12
INJECTED from android/folioreader/AndroidManifest.xml:2:1-43:12
INJECTED from android/folioreader/AndroidManifest.xml:2:1-43:12
INJECTED from android/folioreader/AndroidManifest.xml:2:1-43:12
INJECTED from android/folioreader/AndroidManifest.xml:2:1-43:12
	package
		ADDED from android/folioreader/AndroidManifest.xml:4:5-30
		INJECTED from android/folioreader/AndroidManifest.xml
		INJECTED from android/folioreader/AndroidManifest.xml
	android:versionName
		INJECTED from android/folioreader/AndroidManifest.xml
		ADDED from android/folioreader/AndroidManifest.xml:2:1-43:12
		INJECTED from android/folioreader/AndroidManifest.xml
	xmlns:tools
		ADDED from android/folioreader/AndroidManifest.xml:3:5-51
	android:versionCode
		INJECTED from android/folioreader/AndroidManifest.xml
		ADDED from android/folioreader/AndroidManifest.xml:2:1-43:12
		INJECTED from android/folioreader/AndroidManifest.xml
	xmlns:android
		ADDED from android/folioreader/AndroidManifest.xml:2:11-69
uses-permission#android.permission.WRITE_EXTERNAL_STORAGE
ADDED from android/folioreader/AndroidManifest.xml:6:5-81
	android:name
		ADDED from android/folioreader/AndroidManifest.xml:6:22-78
uses-permission#android.permission.INTERNET
ADDED from android/folioreader/AndroidManifest.xml:7:5-67
	android:name
		ADDED from android/folioreader/AndroidManifest.xml:7:22-64
uses-sdk
ADDED from android/folioreader/AndroidManifest.xml:9:5-88
INJECTED from android/folioreader/AndroidManifest.xml:9:5-88
INJECTED from android/folioreader/AndroidManifest.xml:9:5-88
INJECTED from android/folioreader/AndroidManifest.xml:9:5-88
INJECTED from android/folioreader/AndroidManifest.xml:9:5-88
	tools:overrideLibrary
		ADDED from android/folioreader/AndroidManifest.xml:9:15-85
	android:targetSdkVersion
		INJECTED from android/folioreader/AndroidManifest.xml
		ADDED from android/folioreader/AndroidManifest.xml:9:5-88
		INJECTED from android/folioreader/AndroidManifest.xml
	android:minSdkVersion
		INJECTED from android/folioreader/AndroidManifest.xml
		ADDED from android/folioreader/AndroidManifest.xml:9:5-88
		INJECTED from android/folioreader/AndroidManifest.xml
application
ADDED from android/folioreader/AndroidManifest.xml:11:5-41:19
	android:allowBackup
		ADDED from android/folioreader/AndroidManifest.xml:12:9-35
	android:networkSecurityConfig
		ADDED from android/folioreader/AndroidManifest.xml:13:9-69
	tools:replace
		ADDED from android/folioreader/AndroidManifest.xml:14:9-44
provider#com.folioreader.AppContext
ADDED from android/folioreader/AndroidManifest.xml:16:9-19:40
	android:authorities
		ADDED from android/folioreader/AndroidManifest.xml:18:13-71
	android:exported
		ADDED from android/folioreader/AndroidManifest.xml:19:13-37
	android:name
		ADDED from android/folioreader/AndroidManifest.xml:17:13-39
activity#com.folioreader.ui.activity.FolioActivity
ADDED from android/folioreader/AndroidManifest.xml:21:9-24:60
	android:label
		ADDED from android/folioreader/AndroidManifest.xml:23:13-45
	android:theme
		ADDED from android/folioreader/AndroidManifest.xml:24:13-57
	android:name
		ADDED from android/folioreader/AndroidManifest.xml:22:13-69
activity#com.folioreader.ui.activity.ContentHighlightActivity
ADDED from android/folioreader/AndroidManifest.xml:26:9-28:59
	android:theme
		ADDED from android/folioreader/AndroidManifest.xml:28:13-56
	android:name
		ADDED from android/folioreader/AndroidManifest.xml:27:13-80
activity#com.folioreader.ui.activity.SearchActivity
ADDED from android/folioreader/AndroidManifest.xml:30:9-39:20
	android:launchMode
		ADDED from android/folioreader/AndroidManifest.xml:32:13-43
	android:name
		ADDED from android/folioreader/AndroidManifest.xml:31:13-70
intent-filter#action:name:android.intent.action.SEARCH
ADDED from android/folioreader/AndroidManifest.xml:33:13-35:29
action#android.intent.action.SEARCH
ADDED from android/folioreader/AndroidManifest.xml:34:17-71
	android:name
		ADDED from android/folioreader/AndroidManifest.xml:34:25-68
meta-data#android.app.searchable
ADDED from android/folioreader/AndroidManifest.xml:36:13-38:54
	android:resource
		ADDED from android/folioreader/AndroidManifest.xml:38:17-51
	android:name
		ADDED from android/folioreader/AndroidManifest.xml:37:17-54